[20:47:33] [Client thread/INFO]: Setting user: Player838
[20:47:58] [Client thread/INFO]: LWJGL Version: 2.9.4
[20:49:12] [Client thread/INFO]: Reloading ResourceManager: Default, FMLFileResourcePack:Forge Mod Loader, FMLFileResourcePack:Minecraft Forge, FMLFileResourcePack:§6Ender Kewl Stuff
[20:49:37] [Sound Library Loader/INFO]: Starting up SoundSystem...
[20:49:37] [Thread-8/INFO]: Initializing LWJGL OpenAL
[20:49:37] [Thread-8/INFO]: (The LWJGL binding of OpenAL.  For more information, see http://www.lwjgl.org)
[20:49:59] [Thread-8/INFO]: OpenAL initialized.
[20:49:59] [Sound Library Loader/INFO]: Sound engine started
[20:50:02] [Client thread/INFO]: Created: 16x16 textures-atlas
[20:50:28] [Client thread/INFO]: Reloading ResourceManager: Default, FMLFileResourcePack:Forge Mod Loader, FMLFileResourcePack:Minecraft Forge, FMLFileResourcePack:§6Ender Kewl Stuff
[20:50:44] [Client thread/INFO]: SoundSystem shutting down...
[20:50:44] [Client thread/WARN]: Author: Paul Lamb, www.paulscode.com
[20:50:44] [Sound Library Loader/INFO]: Starting up SoundSystem...
[20:50:45] [Thread-10/INFO]: Initializing LWJGL OpenAL
[20:50:45] [Thread-10/INFO]: (The LWJGL binding of OpenAL.  For more information, see http://www.lwjgl.org)
[20:50:45] [Thread-10/INFO]: OpenAL initialized.
[20:50:45] [Sound Library Loader/INFO]: Sound engine started
[20:51:07] [Client thread/INFO]: Created: 1024x512 textures-atlas
[20:51:38] [Server thread/INFO]: Starting integrated minecraft server version 1.9
[20:51:38] [Server thread/INFO]: Generating keypair
[20:51:43] [Realms Notification Availability checker #1/INFO]: Could not authorize you against Realms server: Invalid session id
[20:51:49] [Server thread/INFO]: Preparing start region for level 0
[20:51:55] [Server thread/INFO]: Preparing spawn area: 0%
[20:51:59] [Server thread/INFO]: Preparing spawn area: 5%
[20:52:00] [Server thread/INFO]: Preparing spawn area: 18%
[20:52:02] [Server thread/INFO]: Preparing spawn area: 26%
[20:52:03] [Server thread/INFO]: Preparing spawn area: 31%
[20:52:04] [Server thread/INFO]: Preparing spawn area: 41%
[20:52:05] [Server thread/INFO]: Preparing spawn area: 54%
[20:52:06] [Server thread/INFO]: Preparing spawn area: 70%
[20:52:10] [Server thread/INFO]: Changing view distance to 2, from 10
[20:52:12] [Server thread/WARN]: Can't keep up! Did the system time change, or is the server overloaded? Running 3826ms behind, skipping 76 tick(s)
[20:52:24] [Server thread/INFO]: Player838[local:E:367fa302] logged in with entity id 297 at (103.59219207168208, 72.0, 245.23844722555316)
[20:52:25] [Server thread/INFO]: Player838 joined the game
[20:52:32] [Server thread/INFO]: Saving and pausing game...
[20:52:33] [Server thread/INFO]: Saving chunks for level 'New World'/Overworld
[20:52:35] [Server thread/INFO]: Saving chunks for level 'New World'/Nether
[20:52:35] [Server thread/INFO]: Saving chunks for level 'New World'/The End
[20:52:35] [Server thread/WARN]: Can't keep up! Did the system time change, or is the server overloaded? Running 11718ms behind, skipping 234 tick(s)
[20:52:46] [Server thread/WARN]: Can't keep up! Did the system time change, or is the server overloaded? Running 3191ms behind, skipping 63 tick(s)
[20:52:47] [pool-2-thread-1/WARN]: Couldn't look up profile properties for com.mojang.authlib.GameProfile@7342954[id=3ebb1391-453f-3fbc-829d-8510c6e3c283,name=Player838,properties={},legacy=false]
com.mojang.authlib.exceptions.AuthenticationException: The client has sent too many requests within a certain amount of time
	at com.mojang.authlib.yggdrasil.YggdrasilAuthenticationService.makeRequest(YggdrasilAuthenticationService.java:65) ~[YggdrasilAuthenticationService.class:?]
	at com.mojang.authlib.yggdrasil.YggdrasilMinecraftSessionService.fillGameProfile(YggdrasilMinecraftSessionService.java:175) [YggdrasilMinecraftSessionService.class:?]
	at com.mojang.authlib.yggdrasil.YggdrasilMinecraftSessionService$1.load(YggdrasilMinecraftSessionService.java:59) [YggdrasilMinecraftSessionService$1.class:?]
	at com.mojang.authlib.yggdrasil.YggdrasilMinecraftSessionService$1.load(YggdrasilMinecraftSessionService.java:56) [YggdrasilMinecraftSessionService$1.class:?]
	at com.google.common.cache.LocalCache$LoadingValueReference.loadFuture(LocalCache.java:3524) [guava-17.0.jar:?]
	at com.google.common.cache.LocalCache$Segment.loadSync(LocalCache.java:2317) [guava-17.0.jar:?]
	at com.google.common.cache.LocalCache$Segment.lockedGetOrLoad(LocalCache.java:2280) [guava-17.0.jar:?]
	at com.google.common.cache.LocalCache$Segment.get(LocalCache.java:2195) [guava-17.0.jar:?]
	at com.google.common.cache.LocalCache.get(LocalCache.java:3934) [guava-17.0.jar:?]
	at com.google.common.cache.LocalCache.getOrLoad(LocalCache.java:3938) [guava-17.0.jar:?]
	at com.google.common.cache.LocalCache$LocalLoadingCache.get(LocalCache.java:4821) [guava-17.0.jar:?]
	at com.google.common.cache.LocalCache$LocalLoadingCache.getUnchecked(LocalCache.java:4827) [guava-17.0.jar:?]
	at com.mojang.authlib.yggdrasil.YggdrasilMinecraftSessionService.fillProfileProperties(YggdrasilMinecraftSessionService.java:165) [YggdrasilMinecraftSessionService.class:?]
	at net.minecraft.client.Minecraft.getProfileProperties(Minecraft.java:3038) [Minecraft.class:?]
	at net.minecraft.client.resources.SkinManager$3.run(SkinManager.java:130) [SkinManager$3.class:?]
	at java.util.concurrent.Executors$RunnableAdapter.call(Executors.java:511) [?:1.8.0_74]
	at java.util.concurrent.FutureTask.run(FutureTask.java:266) [?:1.8.0_74]
	at java.util.concurrent.ThreadPoolExecutor.runWorker(ThreadPoolExecutor.java:1142) [?:1.8.0_74]
	at java.util.concurrent.ThreadPoolExecutor$Worker.run(ThreadPoolExecutor.java:617) [?:1.8.0_74]
	at java.lang.Thread.run(Thread.java:745) [?:1.8.0_74]
[20:58:32] [Server thread/WARN]: Can't keep up! Did the system time change, or is the server overloaded? Running 2359ms behind, skipping 47 tick(s)
[20:59:18] [Server thread/WARN]: Can't keep up! Did the system time change, or is the server overloaded? Running 2498ms behind, skipping 49 tick(s)
[21:01:42] [Server thread/WARN]: Can't keep up! Did the system time change, or is the server overloaded? Running 11021ms behind, skipping 220 tick(s)
[21:05:49] [Server thread/INFO]: Saving and pausing game...
[21:05:50] [Server thread/INFO]: Saving chunks for level 'New World'/Overworld
[21:05:52] [Server thread/INFO]: Saving chunks for level 'New World'/Nether
[21:05:52] [Server thread/INFO]: Saving chunks for level 'New World'/The End
[21:05:52] [Server thread/INFO]: Stopping server
[21:05:52] [Server thread/INFO]: Saving players
[21:05:52] [Server thread/INFO]: Saving worlds
[21:05:52] [Server thread/INFO]: Saving chunks for level 'New World'/Overworld
[21:05:52] [Server thread/INFO]: Saving chunks for level 'New World'/Nether
[21:05:52] [Server thread/INFO]: Saving chunks for level 'New World'/The End
[21:05:58] [Client thread/INFO]: Stopping!
[21:05:58] [Client thread/INFO]: SoundSystem shutting down...
[21:05:59] [Client thread/WARN]: Author: Paul Lamb, www.paulscode.com
